--check PASS: sha256 1c5cffb18c5ef78e matches frozen manifest (390 items)
  A: 30/390 cost so far $0.0168
  A: 60/390 cost so far $0.0330
  A: 90/390 cost so far $0.0477
  A: 120/390 cost so far $0.0620
  A: 150/390 cost so far $0.0769
  A: 180/390 cost so far $0.0921
  A: 210/390 cost so far $0.1071
  A: 240/390 cost so far $0.1227
  A: 270/390 cost so far $0.1392
  A: 300/390 cost so far $0.1563
  A: 330/390 cost so far $0.1720
  A: 360/390 cost so far $0.1870
  A: 390/390 cost so far $0.2026
A: 390 rows, 0 missing -> /home/user/ai-semantics/experiments/runs/2026-06-20-scivetti-cxnli-answer-key/raw/A-nli.json
  B: 30/390 cost so far $0.2067
  B: 60/390 cost so far $0.2106
  B: 90/390 cost so far $0.2141
  B: 120/390 cost so far $0.2176
  B: 150/390 cost so far $0.2213
  B: 180/390 cost so far $0.2249
  B: 210/390 cost so far $0.2286
  B: 240/390 cost so far $0.2324
  B: 270/390 cost so far $0.2363
  B: 300/390 cost so far $0.2404
  B: 330/390 cost so far $0.2442
  B: 360/390 cost so far $0.2479
  B: 390/390 cost so far $0.2517
B: 390 rows, 0 missing -> /home/user/ai-semantics/experiments/runs/2026-06-20-scivetti-cxnli-answer-key/raw/B-nli.json
  C: 30/390 cost so far $0.2583
  C: 60/390 cost so far $0.2646
  C: 90/390 cost so far $0.2702
  C: 120/390 cost so far $0.2757
  C: 150/390 cost so far $0.2815
  C: 180/390 cost so far $0.2873
  C: 210/390 cost so far $0.2931
  C: 240/390 cost so far $0.2992
  C: 270/390 cost so far $0.3057
  C: 300/390 cost so far $0.3124
  C: 330/390 cost so far $0.3186
  C: 360/390 cost so far $0.3244
  C: 390/390 cost so far $0.3305
C: 390 rows, 0 missing -> /home/user/ai-semantics/experiments/runs/2026-06-20-scivetti-cxnli-answer-key/raw/C-nli.json
TOTAL billed this invocation: $0.3305
