  A/paraphrase: 32/46 cost so far $0.0106
A/paraphrase: 46 rows, 0 missing -> /home/user/ai-semantics/experiments/runs/2026-06-13-aann-inferential-v3/raw/A-paraphrase.json
  A/nli: 32/92 cost so far $0.0236
  A/nli: 64/92 cost so far $0.0319
A/nli: 92 rows, 0 missing -> /home/user/ai-semantics/experiments/runs/2026-06-13-aann-inferential-v3/raw/A-nli.json
  A/agreement: 32/46 cost so far $0.0469
A/agreement: 46 rows, 0 missing -> /home/user/ai-semantics/experiments/runs/2026-06-13-aann-inferential-v3/raw/A-agreement.json
A/tier0: 24 rows, 0 missing -> /home/user/ai-semantics/experiments/runs/2026-06-13-aann-inferential-v3/raw/A-tier0.json
  B/paraphrase: 32/46 cost so far $0.0590
B/paraphrase: 46 rows, 0 missing -> /home/user/ai-semantics/experiments/runs/2026-06-13-aann-inferential-v3/raw/B-paraphrase.json
  B/nli: 32/92 cost so far $0.0625
  B/nli: 64/92 cost so far $0.0648
B/nli: 92 rows, 0 missing -> /home/user/ai-semantics/experiments/runs/2026-06-13-aann-inferential-v3/raw/B-nli.json
  B/agreement: 32/46 cost so far $0.0688
B/agreement: 46 rows, 0 missing -> /home/user/ai-semantics/experiments/runs/2026-06-13-aann-inferential-v3/raw/B-agreement.json
B/tier0: 24 rows, 0 missing -> /home/user/ai-semantics/experiments/runs/2026-06-13-aann-inferential-v3/raw/B-tier0.json
  C/paraphrase: 32/46 cost so far $0.0752
C/paraphrase: 46 rows, 0 missing -> /home/user/ai-semantics/experiments/runs/2026-06-13-aann-inferential-v3/raw/C-paraphrase.json
  C/nli: 32/92 cost so far $0.0798
  C/nli: 64/92 cost so far $0.0827
C/nli: 92 rows, 0 missing -> /home/user/ai-semantics/experiments/runs/2026-06-13-aann-inferential-v3/raw/C-nli.json
  C/agreement: 32/46 cost so far $0.0878
C/agreement: 46 rows, 0 missing -> /home/user/ai-semantics/experiments/runs/2026-06-13-aann-inferential-v3/raw/C-agreement.json
C/tier0: 24 rows, 0 missing -> /home/user/ai-semantics/experiments/runs/2026-06-13-aann-inferential-v3/raw/C-tier0.json
TOTAL billed this invocation: $0.0910
