  A/anchored: 25/408 cost so far $0.008
  A/anchored: 50/408 cost so far $0.016
  A/anchored: 75/408 cost so far $0.024
  A/anchored: 100/408 cost so far $0.032
  A/anchored: 125/408 cost so far $0.040
  A/anchored: 150/408 cost so far $0.048
  A/anchored: 175/408 cost so far $0.056
  A/anchored: 200/408 cost so far $0.064
  A/anchored: 225/408 cost so far $0.072
  A/anchored: 250/408 cost so far $0.080
  A/anchored: 275/408 cost so far $0.088
  A/anchored: 300/408 cost so far $0.096
  A/anchored: 325/408 cost so far $0.104
  A/anchored: 350/408 cost so far $0.112
  A/anchored: 375/408 cost so far $0.120
  A/anchored: 400/408 cost so far $0.128
A/anchored: 408 rows, 0 missing -> /home/user/ai-semantics/experiments/runs/2026-07-04-aann-behavioral-gradient-rep2/raw/A-anchored.json
  A/robustness: 25/102 cost so far $0.139
  A/robustness: 50/102 cost so far $0.148
  A/robustness: 75/102 cost so far $0.157
  A/robustness: 100/102 cost so far $0.166
A/robustness: 102 rows, 0 missing -> /home/user/ai-semantics/experiments/runs/2026-07-04-aann-behavioral-gradient-rep2/raw/A-robustness.json
  A/heldout: 25/60 cost so far $0.175
  A/heldout: 50/60 cost so far $0.183
A/heldout: 60 rows, 0 missing -> /home/user/ai-semantics/experiments/runs/2026-07-04-aann-behavioral-gradient-rep2/raw/A-heldout.json
A/tier0: 24 rows, 0 missing -> /home/user/ai-semantics/experiments/runs/2026-07-04-aann-behavioral-gradient-rep2/raw/A-tier0.json
  B/anchored: 25/408 cost so far $0.194
  B/anchored: 50/408 cost so far $0.196
  B/anchored: 75/408 cost so far $0.198
  B/anchored: 100/408 cost so far $0.200
  B/anchored: 125/408 cost so far $0.202
  B/anchored: 150/408 cost so far $0.204
  B/anchored: 175/408 cost so far $0.206
  B/anchored: 200/408 cost so far $0.208
  B/anchored: 225/408 cost so far $0.210
  B/anchored: 250/408 cost so far $0.212
  B/anchored: 275/408 cost so far $0.214
  B/anchored: 300/408 cost so far $0.216
  B/anchored: 325/408 cost so far $0.217
  B/anchored: 350/408 cost so far $0.219
  B/anchored: 375/408 cost so far $0.221
  B/anchored: 400/408 cost so far $0.223
B/anchored: 408 rows, 0 missing -> /home/user/ai-semantics/experiments/runs/2026-07-04-aann-behavioral-gradient-rep2/raw/B-anchored.json
  B/robustness: 25/102 cost so far $0.226
  B/robustness: 50/102 cost so far $0.228
  B/robustness: 75/102 cost so far $0.230
  B/robustness: 100/102 cost so far $0.232
B/robustness: 102 rows, 0 missing -> /home/user/ai-semantics/experiments/runs/2026-07-04-aann-behavioral-gradient-rep2/raw/B-robustness.json
  B/heldout: 25/60 cost so far $0.235
  B/heldout: 50/60 cost so far $0.236
B/heldout: 60 rows, 0 missing -> /home/user/ai-semantics/experiments/runs/2026-07-04-aann-behavioral-gradient-rep2/raw/B-heldout.json
B/tier0: 24 rows, 0 missing -> /home/user/ai-semantics/experiments/runs/2026-07-04-aann-behavioral-gradient-rep2/raw/B-tier0.json
  C/anchored: 25/408 cost so far $0.242
  C/anchored: 50/408 cost so far $0.245
  C/anchored: 75/408 cost so far $0.248
  C/anchored: 100/408 cost so far $0.250
  C/anchored: 125/408 cost so far $0.253
  C/anchored: 150/408 cost so far $0.256
  C/anchored: 175/408 cost so far $0.259
  C/anchored: 200/408 cost so far $0.262
  C/anchored: 225/408 cost so far $0.265
  C/anchored: 250/408 cost so far $0.268
  C/anchored: 275/408 cost so far $0.271
  C/anchored: 300/408 cost so far $0.274
  C/anchored: 325/408 cost so far $0.277
  C/anchored: 350/408 cost so far $0.280
  C/anchored: 375/408 cost so far $0.283
  C/anchored: 400/408 cost so far $0.286
C/anchored: 408 rows, 0 missing -> /home/user/ai-semantics/experiments/runs/2026-07-04-aann-behavioral-gradient-rep2/raw/C-anchored.json
  C/robustness: 25/102 cost so far $0.289
  C/robustness: 50/102 cost so far $0.292
  C/robustness: 75/102 cost so far $0.295
  C/robustness: 100/102 cost so far $0.298
C/robustness: 102 rows, 0 missing -> /home/user/ai-semantics/experiments/runs/2026-07-04-aann-behavioral-gradient-rep2/raw/C-robustness.json
  C/heldout: 25/60 cost so far $0.301
  C/heldout: 50/60 cost so far $0.304
C/heldout: 60 rows, 0 missing -> /home/user/ai-semantics/experiments/runs/2026-07-04-aann-behavioral-gradient-rep2/raw/C-heldout.json
C/tier0: 24 rows, 0 missing -> /home/user/ai-semantics/experiments/runs/2026-07-04-aann-behavioral-gradient-rep2/raw/C-tier0.json
TOTAL billed this invocation: $0.3092
